<?xml version="1.0" encoding="UTF-8"?>
<!-- Generated by org.testng.reporters.JUnitReportReporter -->
<testsuite hostname="MilanThakkar" failures="0" tests="1" name="base.Hollister.BaseClass" time="7.329" errors="0" timestamp="2023-07-07T14:35:02 EDT" skipped="0">
  <testcase classname="base.Hollister.BaseClass" name="Title" time="7.329"/>
</testsuite> <!-- base.Hollister.BaseClass -->
